  Entity.cpp
C:\Users\leann\Documents\CS3113\LeannaMoyCS3113\Assignment 5 Platformer\Entity.h(131,58): warning C4244: 'return': conversion from 'const float' to 'const int', possible loss of data
C:\Users\leann\Documents\CS3113\LeannaMoyCS3113\Assignment 5 Platformer\Entity.h(132,58): warning C4244: 'return': conversion from 'const float' to 'const int', possible loss of data
C:\Users\leann\Documents\CS3113\LeannaMoyCS3113\Assignment 5 Platformer\Entity.cpp(240,34): warning C4553: '==': result of expression not used; did you intend '='?
  helper.cpp
  LevelA.cpp
C:\Users\leann\Documents\CS3113\LeannaMoyCS3113\Assignment 5 Platformer\Entity.h(131,58): warning C4244: 'return': conversion from 'const float' to 'const int', possible loss of data
C:\Users\leann\Documents\CS3113\LeannaMoyCS3113\Assignment 5 Platformer\Entity.h(132,58): warning C4244: 'return': conversion from 'const float' to 'const int', possible loss of data
  LevelB.cpp
C:\Users\leann\Documents\CS3113\LeannaMoyCS3113\Assignment 5 Platformer\Entity.h(131,58): warning C4244: 'return': conversion from 'const float' to 'const int', possible loss of data
C:\Users\leann\Documents\CS3113\LeannaMoyCS3113\Assignment 5 Platformer\Entity.h(132,58): warning C4244: 'return': conversion from 'const float' to 'const int', possible loss of data
  LevelC.cpp
C:\Users\leann\Documents\CS3113\LeannaMoyCS3113\Assignment 5 Platformer\Entity.h(131,58): warning C4244: 'return': conversion from 'const float' to 'const int', possible loss of data
C:\Users\leann\Documents\CS3113\LeannaMoyCS3113\Assignment 5 Platformer\Entity.h(132,58): warning C4244: 'return': conversion from 'const float' to 'const int', possible loss of data
C:\Users\leann\Documents\CS3113\LeannaMoyCS3113\Assignment 5 Platformer\LevelC.cpp(58,32): warning C4305: 'argument': truncation from 'double' to 'GLclampf'
C:\Users\leann\Documents\CS3113\LeannaMoyCS3113\Assignment 5 Platformer\LevelC.cpp(58,25): warning C4305: 'argument': truncation from 'double' to 'GLclampf'
C:\Users\leann\Documents\CS3113\LeannaMoyCS3113\Assignment 5 Platformer\LevelC.cpp(58,18): warning C4305: 'argument': truncation from 'double' to 'GLclampf'
  main.cpp
C:\Users\leann\Documents\CS3113\LeannaMoyCS3113\Assignment 5 Platformer\Entity.h(131,58): warning C4244: 'return': conversion from 'const float' to 'const int', possible loss of data
C:\Users\leann\Documents\CS3113\LeannaMoyCS3113\Assignment 5 Platformer\Entity.h(132,58): warning C4244: 'return': conversion from 'const float' to 'const int', possible loss of data
  Map.cpp
C:\Users\leann\Documents\CS3113\LeannaMoyCS3113\Assignment 5 Platformer\Map.cpp(112,16): warning C4244: 'initializing': conversion from 'float' to 'int', possible loss of data
C:\Users\leann\Documents\CS3113\LeannaMoyCS3113\Assignment 5 Platformer\Map.cpp(113,16): warning C4244: 'initializing': conversion from 'float' to 'int', possible loss of data
  Menu.cpp
C:\Users\leann\Documents\CS3113\LeannaMoyCS3113\Assignment 5 Platformer\Entity.h(131,58): warning C4244: 'return': conversion from 'const float' to 'const int', possible loss of data
C:\Users\leann\Documents\CS3113\LeannaMoyCS3113\Assignment 5 Platformer\Entity.h(132,58): warning C4244: 'return': conversion from 'const float' to 'const int', possible loss of data
C:\Users\leann\Documents\CS3113\LeannaMoyCS3113\Assignment 5 Platformer\Menu.cpp(32,29): warning C4305: 'argument': truncation from 'double' to 'GLclampf'
C:\Users\leann\Documents\CS3113\LeannaMoyCS3113\Assignment 5 Platformer\Menu.cpp(32,22): warning C4305: 'argument': truncation from 'double' to 'GLclampf'
C:\Users\leann\Documents\CS3113\LeannaMoyCS3113\Assignment 5 Platformer\Menu.cpp(32,15): warning C4305: 'argument': truncation from 'double' to 'GLclampf'
  Scene.cpp
C:\Users\leann\Documents\CS3113\LeannaMoyCS3113\Assignment 5 Platformer\Entity.h(131,58): warning C4244: 'return': conversion from 'const float' to 'const int', possible loss of data
C:\Users\leann\Documents\CS3113\LeannaMoyCS3113\Assignment 5 Platformer\Entity.h(132,58): warning C4244: 'return': conversion from 'const float' to 'const int', possible loss of data
  ShaderProgram.cpp
  Utility.cpp
C:\Users\leann\Documents\CS3113\LeannaMoyCS3113\Assignment 5 Platformer\Utility.cpp(90,23): warning C4018: '<': signed/unsigned mismatch
  Generating Code...
  Platformer.vcxproj -> C:\Users\leann\Documents\CS3113\LeannaMoyCS3113\Assignment 5 Platformer\Debug\Platformer.exe
